CRITICAL - 2021-11-20 12:19:26 --> syntax error, unexpected 'if' (T_IF)
#0 D:\Web_Development\Thesis_project-kewan\main_project\appstarter\vendor\codeigniter4\framework\system\CodeIgniter.php(358): CodeIgniter\CodeIgniter->tryToRouteIt(NULL)
#1 D:\Web_Development\Thesis_project-kewan\main_project\appstarter\vendor\codeigniter4\framework\system\CodeIgniter.php(317): CodeIgniter\CodeIgniter->handleRequest(NULL, Object(Config\Cache), false)
#2 D:\Web_Development\Thesis_project-kewan\main_project\appstarter\public\index.php(37): CodeIgniter\CodeIgniter->run()
#3 D:\Web_Development\Thesis_project-kewan\main_project\appstarter\vendor\codeigniter4\framework\system\Commands\Server\rewrite.php(43): require_once('D:\\Web_Developm...')
#4 {main}
CRITICAL - 2021-11-20 13:26:24 --> Undefined index: sekolah
#0 D:\Web_Development\Thesis_project-kewan\main_project\appstarter\app\Views\akun-saya.php(52): CodeIgniter\Debug\Exceptions->errorHandler(8, 'Undefined index...', 'D:\\Web_Developm...', 52, Array)
#1 D:\Web_Development\Thesis_project-kewan\main_project\appstarter\vendor\codeigniter4\framework\system\View\View.php(214): include('D:\\Web_Developm...')
#2 D:\Web_Development\Thesis_project-kewan\main_project\appstarter\vendor\codeigniter4\framework\system\View\View.php(217): CodeIgniter\View\View->CodeIgniter\View\{closure}()
#3 D:\Web_Development\Thesis_project-kewan\main_project\appstarter\vendor\codeigniter4\framework\system\Common.php(1092): CodeIgniter\View\View->render('akun-saya', Array, true)
#4 D:\Web_Development\Thesis_project-kewan\main_project\appstarter\app\Controllers\Pengguna.php(33): view('akun-saya', Array)
#5 D:\Web_Development\Thesis_project-kewan\main_project\appstarter\vendor\codeigniter4\framework\system\CodeIgniter.php(802): App\Controllers\Pengguna->myAccount()
#6 D:\Web_Development\Thesis_project-kewan\main_project\appstarter\vendor\codeigniter4\framework\system\CodeIgniter.php(399): CodeIgniter\CodeIgniter->runController(Object(App\Controllers\Pengguna))
#7 D:\Web_Development\Thesis_project-kewan\main_project\appstarter\vendor\codeigniter4\framework\system\CodeIgniter.php(317): CodeIgniter\CodeIgniter->handleRequest(NULL, Object(Config\Cache), false)
#8 D:\Web_Development\Thesis_project-kewan\main_project\appstarter\public\index.php(37): CodeIgniter\CodeIgniter->run()
#9 D:\Web_Development\Thesis_project-kewan\main_project\appstarter\vendor\codeigniter4\framework\system\Commands\Server\rewrite.php(43): require_once('D:\\Web_Developm...')
#10 {main}
ERROR - 2021-11-20 13:57:36 --> Unknown column 'penggunaId' in 'where clause'
CRITICAL - 2021-11-20 13:57:36 --> Unknown column 'penggunaId' in 'where clause'
#0 D:\Web_Development\Thesis_project-kewan\main_project\appstarter\vendor\codeigniter4\framework\system\Database\MySQLi\Connection.php(280): mysqli->query('SELECT *\nFROM `...')
#1 D:\Web_Development\Thesis_project-kewan\main_project\appstarter\vendor\codeigniter4\framework\system\Database\BaseConnection.php(663): CodeIgniter\Database\MySQLi\Connection->execute('SELECT *\nFROM `...')
#2 D:\Web_Development\Thesis_project-kewan\main_project\appstarter\vendor\codeigniter4\framework\system\Database\BaseConnection.php(591): CodeIgniter\Database\BaseConnection->simpleQuery('SELECT *\nFROM `...')
#3 D:\Web_Development\Thesis_project-kewan\main_project\appstarter\vendor\codeigniter4\framework\system\Database\BaseBuilder.php(1428): CodeIgniter\Database\BaseConnection->query('SELECT *\nFROM `...', Array, false)
#4 D:\Web_Development\Thesis_project-kewan\main_project\appstarter\app\Controllers\Pengguna.php(29): CodeIgniter\Database\BaseBuilder->get()
#5 D:\Web_Development\Thesis_project-kewan\main_project\appstarter\vendor\codeigniter4\framework\system\CodeIgniter.php(802): App\Controllers\Pengguna->myAccount('18')
#6 D:\Web_Development\Thesis_project-kewan\main_project\appstarter\vendor\codeigniter4\framework\system\CodeIgniter.php(399): CodeIgniter\CodeIgniter->runController(Object(App\Controllers\Pengguna))
#7 D:\Web_Development\Thesis_project-kewan\main_project\appstarter\vendor\codeigniter4\framework\system\CodeIgniter.php(317): CodeIgniter\CodeIgniter->handleRequest(NULL, Object(Config\Cache), false)
#8 D:\Web_Development\Thesis_project-kewan\main_project\appstarter\public\index.php(37): CodeIgniter\CodeIgniter->run()
#9 D:\Web_Development\Thesis_project-kewan\main_project\appstarter\vendor\codeigniter4\framework\system\Commands\Server\rewrite.php(43): require_once('D:\\Web_Developm...')
#10 {main}
CRITICAL - 2021-11-20 14:03:49 --> Too few arguments to function App\Controllers\Pengguna::editData(), 0 passed in D:\Web_Development\Thesis_project-kewan\main_project\appstarter\vendor\codeigniter4\framework\system\CodeIgniter.php on line 802 and exactly 1 expected
#0 D:\Web_Development\Thesis_project-kewan\main_project\appstarter\vendor\codeigniter4\framework\system\CodeIgniter.php(802): App\Controllers\Pengguna->editData()
#1 D:\Web_Development\Thesis_project-kewan\main_project\appstarter\vendor\codeigniter4\framework\system\CodeIgniter.php(399): CodeIgniter\CodeIgniter->runController(Object(App\Controllers\Pengguna))
#2 D:\Web_Development\Thesis_project-kewan\main_project\appstarter\vendor\codeigniter4\framework\system\CodeIgniter.php(317): CodeIgniter\CodeIgniter->handleRequest(NULL, Object(Config\Cache), false)
#3 D:\Web_Development\Thesis_project-kewan\main_project\appstarter\public\index.php(37): CodeIgniter\CodeIgniter->run()
#4 D:\Web_Development\Thesis_project-kewan\main_project\appstarter\vendor\codeigniter4\framework\system\Commands\Server\rewrite.php(43): require_once('D:\\Web_Developm...')
#5 {main}
CRITICAL - 2021-11-20 14:04:55 --> Undefined index: penggunaId
#0 D:\Web_Development\Thesis_project-kewan\main_project\appstarter\app\Controllers\Pengguna.php(24): CodeIgniter\Debug\Exceptions->errorHandler(8, 'Undefined index...', 'D:\\Web_Developm...', 24, Array)
#1 D:\Web_Development\Thesis_project-kewan\main_project\appstarter\vendor\codeigniter4\framework\system\CodeIgniter.php(802): App\Controllers\Pengguna->editData()
#2 D:\Web_Development\Thesis_project-kewan\main_project\appstarter\vendor\codeigniter4\framework\system\CodeIgniter.php(399): CodeIgniter\CodeIgniter->runController(Object(App\Controllers\Pengguna))
#3 D:\Web_Development\Thesis_project-kewan\main_project\appstarter\vendor\codeigniter4\framework\system\CodeIgniter.php(317): CodeIgniter\CodeIgniter->handleRequest(NULL, Object(Config\Cache), false)
#4 D:\Web_Development\Thesis_project-kewan\main_project\appstarter\public\index.php(37): CodeIgniter\CodeIgniter->run()
#5 D:\Web_Development\Thesis_project-kewan\main_project\appstarter\vendor\codeigniter4\framework\system\Commands\Server\rewrite.php(43): require_once('D:\\Web_Developm...')
#6 {main}
CRITICAL - 2021-11-20 14:05:06 --> Undefined offset: 0
#0 D:\Web_Development\Thesis_project-kewan\main_project\appstarter\app\Controllers\Pengguna.php(24): CodeIgniter\Debug\Exceptions->errorHandler(8, 'Undefined offse...', 'D:\\Web_Developm...', 24, Array)
#1 D:\Web_Development\Thesis_project-kewan\main_project\appstarter\vendor\codeigniter4\framework\system\CodeIgniter.php(802): App\Controllers\Pengguna->editData()
#2 D:\Web_Development\Thesis_project-kewan\main_project\appstarter\vendor\codeigniter4\framework\system\CodeIgniter.php(399): CodeIgniter\CodeIgniter->runController(Object(App\Controllers\Pengguna))
#3 D:\Web_Development\Thesis_project-kewan\main_project\appstarter\vendor\codeigniter4\framework\system\CodeIgniter.php(317): CodeIgniter\CodeIgniter->handleRequest(NULL, Object(Config\Cache), false)
#4 D:\Web_Development\Thesis_project-kewan\main_project\appstarter\public\index.php(37): CodeIgniter\CodeIgniter->run()
#5 D:\Web_Development\Thesis_project-kewan\main_project\appstarter\vendor\codeigniter4\framework\system\Commands\Server\rewrite.php(43): require_once('D:\\Web_Developm...')
#6 {main}
CRITICAL - 2021-11-20 14:05:41 --> Undefined index: pengguna_id
#0 D:\Web_Development\Thesis_project-kewan\main_project\appstarter\app\Controllers\Pengguna.php(24): CodeIgniter\Debug\Exceptions->errorHandler(8, 'Undefined index...', 'D:\\Web_Developm...', 24, Array)
#1 D:\Web_Development\Thesis_project-kewan\main_project\appstarter\vendor\codeigniter4\framework\system\CodeIgniter.php(802): App\Controllers\Pengguna->editData()
#2 D:\Web_Development\Thesis_project-kewan\main_project\appstarter\vendor\codeigniter4\framework\system\CodeIgniter.php(399): CodeIgniter\CodeIgniter->runController(Object(App\Controllers\Pengguna))
#3 D:\Web_Development\Thesis_project-kewan\main_project\appstarter\vendor\codeigniter4\framework\system\CodeIgniter.php(317): CodeIgniter\CodeIgniter->handleRequest(NULL, Object(Config\Cache), false)
#4 D:\Web_Development\Thesis_project-kewan\main_project\appstarter\public\index.php(37): CodeIgniter\CodeIgniter->run()
#5 D:\Web_Development\Thesis_project-kewan\main_project\appstarter\vendor\codeigniter4\framework\system\Commands\Server\rewrite.php(43): require_once('D:\\Web_Developm...')
#6 {main}
ERROR - 2021-11-20 14:05:50 --> Unknown column 'dob' in 'field list'
CRITICAL - 2021-11-20 14:05:50 --> Unknown column 'dob' in 'field list'
#0 D:\Web_Development\Thesis_project-kewan\main_project\appstarter\vendor\codeigniter4\framework\system\Database\MySQLi\Connection.php(280): mysqli->query('UPDATE `penggun...')
#1 D:\Web_Development\Thesis_project-kewan\main_project\appstarter\vendor\codeigniter4\framework\system\Database\BaseConnection.php(663): CodeIgniter\Database\MySQLi\Connection->execute('UPDATE `penggun...')
#2 D:\Web_Development\Thesis_project-kewan\main_project\appstarter\vendor\codeigniter4\framework\system\Database\BaseConnection.php(591): CodeIgniter\Database\BaseConnection->simpleQuery('UPDATE `penggun...')
#3 D:\Web_Development\Thesis_project-kewan\main_project\appstarter\vendor\codeigniter4\framework\system\Database\BaseBuilder.php(1875): CodeIgniter\Database\BaseConnection->query('UPDATE `penggun...', Array, false)
#4 D:\Web_Development\Thesis_project-kewan\main_project\appstarter\app\Controllers\Pengguna.php(24): CodeIgniter\Database\BaseBuilder->update(Array)
#5 D:\Web_Development\Thesis_project-kewan\main_project\appstarter\vendor\codeigniter4\framework\system\CodeIgniter.php(802): App\Controllers\Pengguna->editData()
#6 D:\Web_Development\Thesis_project-kewan\main_project\appstarter\vendor\codeigniter4\framework\system\CodeIgniter.php(399): CodeIgniter\CodeIgniter->runController(Object(App\Controllers\Pengguna))
#7 D:\Web_Development\Thesis_project-kewan\main_project\appstarter\vendor\codeigniter4\framework\system\CodeIgniter.php(317): CodeIgniter\CodeIgniter->handleRequest(NULL, Object(Config\Cache), false)
#8 D:\Web_Development\Thesis_project-kewan\main_project\appstarter\public\index.php(37): CodeIgniter\CodeIgniter->run()
#9 D:\Web_Development\Thesis_project-kewan\main_project\appstarter\vendor\codeigniter4\framework\system\Commands\Server\rewrite.php(43): require_once('D:\\Web_Developm...')
#10 {main}
ERROR - 2021-11-20 14:06:19 --> Unknown column 'dob' in 'field list'
CRITICAL - 2021-11-20 14:06:19 --> Unknown column 'dob' in 'field list'
#0 D:\Web_Development\Thesis_project-kewan\main_project\appstarter\vendor\codeigniter4\framework\system\Database\MySQLi\Connection.php(280): mysqli->query('UPDATE `penggun...')
#1 D:\Web_Development\Thesis_project-kewan\main_project\appstarter\vendor\codeigniter4\framework\system\Database\BaseConnection.php(663): CodeIgniter\Database\MySQLi\Connection->execute('UPDATE `penggun...')
#2 D:\Web_Development\Thesis_project-kewan\main_project\appstarter\vendor\codeigniter4\framework\system\Database\BaseConnection.php(591): CodeIgniter\Database\BaseConnection->simpleQuery('UPDATE `penggun...')
#3 D:\Web_Development\Thesis_project-kewan\main_project\appstarter\vendor\codeigniter4\framework\system\Database\BaseBuilder.php(1875): CodeIgniter\Database\BaseConnection->query('UPDATE `penggun...', Array, false)
#4 D:\Web_Development\Thesis_project-kewan\main_project\appstarter\app\Controllers\Pengguna.php(24): CodeIgniter\Database\BaseBuilder->update(Array)
#5 D:\Web_Development\Thesis_project-kewan\main_project\appstarter\vendor\codeigniter4\framework\system\CodeIgniter.php(802): App\Controllers\Pengguna->editData()
#6 D:\Web_Development\Thesis_project-kewan\main_project\appstarter\vendor\codeigniter4\framework\system\CodeIgniter.php(399): CodeIgniter\CodeIgniter->runController(Object(App\Controllers\Pengguna))
#7 D:\Web_Development\Thesis_project-kewan\main_project\appstarter\vendor\codeigniter4\framework\system\CodeIgniter.php(317): CodeIgniter\CodeIgniter->handleRequest(NULL, Object(Config\Cache), false)
#8 D:\Web_Development\Thesis_project-kewan\main_project\appstarter\public\index.php(37): CodeIgniter\CodeIgniter->run()
#9 D:\Web_Development\Thesis_project-kewan\main_project\appstarter\vendor\codeigniter4\framework\system\Commands\Server\rewrite.php(43): require_once('D:\\Web_Developm...')
#10 {main}
