ERROR - 2021-11-07 00:40:23 --> Not unique table/alias: 'lb'
CRITICAL - 2021-11-07 00:40:23 --> Not unique table/alias: 'lb'
#0 D:\Web_Development\Thesis_project-kewan\main_project\appstarter\vendor\codeigniter4\framework\system\Database\MySQLi\Connection.php(280): mysqli->query('SELECT `lb`.`li...')
#1 D:\Web_Development\Thesis_project-kewan\main_project\appstarter\vendor\codeigniter4\framework\system\Database\BaseConnection.php(663): CodeIgniter\Database\MySQLi\Connection->execute('SELECT `lb`.`li...')
#2 D:\Web_Development\Thesis_project-kewan\main_project\appstarter\vendor\codeigniter4\framework\system\Database\BaseConnection.php(591): CodeIgniter\Database\BaseConnection->simpleQuery('SELECT `lb`.`li...')
#3 D:\Web_Development\Thesis_project-kewan\main_project\appstarter\vendor\codeigniter4\framework\system\Database\BaseBuilder.php(1428): CodeIgniter\Database\BaseConnection->query('SELECT `lb`.`li...', Array, false)
#4 D:\Web_Development\Thesis_project-kewan\main_project\appstarter\app\Controllers\MewarnaiHewan.php(39): CodeIgniter\Database\BaseBuilder->get()
#5 D:\Web_Development\Thesis_project-kewan\main_project\appstarter\vendor\codeigniter4\framework\system\CodeIgniter.php(802): App\Controllers\MewarnaiHewan->mewarnaiHewanListBinatang('1')
#6 D:\Web_Development\Thesis_project-kewan\main_project\appstarter\vendor\codeigniter4\framework\system\CodeIgniter.php(399): CodeIgniter\CodeIgniter->runController(Object(App\Controllers\MewarnaiHewan))
#7 D:\Web_Development\Thesis_project-kewan\main_project\appstarter\vendor\codeigniter4\framework\system\CodeIgniter.php(317): CodeIgniter\CodeIgniter->handleRequest(NULL, Object(Config\Cache), false)
#8 D:\Web_Development\Thesis_project-kewan\main_project\appstarter\public\index.php(37): CodeIgniter\CodeIgniter->run()
#9 D:\Web_Development\Thesis_project-kewan\main_project\appstarter\vendor\codeigniter4\framework\system\Commands\Server\rewrite.php(43): require_once('D:\\Web_Developm...')
#10 {main}
ERROR - 2021-11-07 00:40:40 --> Column 'nama_binatang' in field list is ambiguous
CRITICAL - 2021-11-07 00:40:40 --> Column 'nama_binatang' in field list is ambiguous
#0 D:\Web_Development\Thesis_project-kewan\main_project\appstarter\vendor\codeigniter4\framework\system\Database\MySQLi\Connection.php(280): mysqli->query('SELECT `lb`.`li...')
#1 D:\Web_Development\Thesis_project-kewan\main_project\appstarter\vendor\codeigniter4\framework\system\Database\BaseConnection.php(663): CodeIgniter\Database\MySQLi\Connection->execute('SELECT `lb`.`li...')
#2 D:\Web_Development\Thesis_project-kewan\main_project\appstarter\vendor\codeigniter4\framework\system\Database\BaseConnection.php(591): CodeIgniter\Database\BaseConnection->simpleQuery('SELECT `lb`.`li...')
#3 D:\Web_Development\Thesis_project-kewan\main_project\appstarter\vendor\codeigniter4\framework\system\Database\BaseBuilder.php(1428): CodeIgniter\Database\BaseConnection->query('SELECT `lb`.`li...', Array, false)
#4 D:\Web_Development\Thesis_project-kewan\main_project\appstarter\app\Controllers\MewarnaiHewan.php(39): CodeIgniter\Database\BaseBuilder->get()
#5 D:\Web_Development\Thesis_project-kewan\main_project\appstarter\vendor\codeigniter4\framework\system\CodeIgniter.php(802): App\Controllers\MewarnaiHewan->mewarnaiHewanListBinatang('1')
#6 D:\Web_Development\Thesis_project-kewan\main_project\appstarter\vendor\codeigniter4\framework\system\CodeIgniter.php(399): CodeIgniter\CodeIgniter->runController(Object(App\Controllers\MewarnaiHewan))
#7 D:\Web_Development\Thesis_project-kewan\main_project\appstarter\vendor\codeigniter4\framework\system\CodeIgniter.php(317): CodeIgniter\CodeIgniter->handleRequest(NULL, Object(Config\Cache), false)
#8 D:\Web_Development\Thesis_project-kewan\main_project\appstarter\public\index.php(37): CodeIgniter\CodeIgniter->run()
#9 D:\Web_Development\Thesis_project-kewan\main_project\appstarter\vendor\codeigniter4\framework\system\Commands\Server\rewrite.php(43): require_once('D:\\Web_Developm...')
#10 {main}
CRITICAL - 2021-11-07 00:42:04 --> Undefined variable: data_id
#0 D:\Web_Development\Thesis_project-kewan\main_project\appstarter\app\Views\mewarnai-hewan-list-svg.php(26): CodeIgniter\Debug\Exceptions->errorHandler(8, 'Undefined varia...', 'D:\\Web_Developm...', 26, Array)
#1 D:\Web_Development\Thesis_project-kewan\main_project\appstarter\vendor\codeigniter4\framework\system\View\View.php(214): include('D:\\Web_Developm...')
#2 D:\Web_Development\Thesis_project-kewan\main_project\appstarter\vendor\codeigniter4\framework\system\View\View.php(217): CodeIgniter\View\View->CodeIgniter\View\{closure}()
#3 D:\Web_Development\Thesis_project-kewan\main_project\appstarter\vendor\codeigniter4\framework\system\Common.php(1092): CodeIgniter\View\View->render('mewarnai-hewan-...', Array, true)
#4 D:\Web_Development\Thesis_project-kewan\main_project\appstarter\app\Controllers\MewarnaiHewan.php(45): view('mewarnai-hewan-...', Array)
#5 D:\Web_Development\Thesis_project-kewan\main_project\appstarter\vendor\codeigniter4\framework\system\CodeIgniter.php(802): App\Controllers\MewarnaiHewan->mewarnaiHewanListBinatang('1')
#6 D:\Web_Development\Thesis_project-kewan\main_project\appstarter\vendor\codeigniter4\framework\system\CodeIgniter.php(399): CodeIgniter\CodeIgniter->runController(Object(App\Controllers\MewarnaiHewan))
#7 D:\Web_Development\Thesis_project-kewan\main_project\appstarter\vendor\codeigniter4\framework\system\CodeIgniter.php(317): CodeIgniter\CodeIgniter->handleRequest(NULL, Object(Config\Cache), false)
#8 D:\Web_Development\Thesis_project-kewan\main_project\appstarter\public\index.php(37): CodeIgniter\CodeIgniter->run()
#9 D:\Web_Development\Thesis_project-kewan\main_project\appstarter\vendor\codeigniter4\framework\system\Commands\Server\rewrite.php(43): require_once('D:\\Web_Developm...')
#10 {main}
CRITICAL - 2021-11-07 00:42:11 --> Undefined variable: data_id
#0 D:\Web_Development\Thesis_project-kewan\main_project\appstarter\app\Views\mewarnai-hewan-list-svg.php(26): CodeIgniter\Debug\Exceptions->errorHandler(8, 'Undefined varia...', 'D:\\Web_Developm...', 26, Array)
#1 D:\Web_Development\Thesis_project-kewan\main_project\appstarter\vendor\codeigniter4\framework\system\View\View.php(214): include('D:\\Web_Developm...')
#2 D:\Web_Development\Thesis_project-kewan\main_project\appstarter\vendor\codeigniter4\framework\system\View\View.php(217): CodeIgniter\View\View->CodeIgniter\View\{closure}()
#3 D:\Web_Development\Thesis_project-kewan\main_project\appstarter\vendor\codeigniter4\framework\system\Common.php(1092): CodeIgniter\View\View->render('mewarnai-hewan-...', Array, true)
#4 D:\Web_Development\Thesis_project-kewan\main_project\appstarter\app\Controllers\MewarnaiHewan.php(45): view('mewarnai-hewan-...', Array)
#5 D:\Web_Development\Thesis_project-kewan\main_project\appstarter\vendor\codeigniter4\framework\system\CodeIgniter.php(802): App\Controllers\MewarnaiHewan->mewarnaiHewanListBinatang('1')
#6 D:\Web_Development\Thesis_project-kewan\main_project\appstarter\vendor\codeigniter4\framework\system\CodeIgniter.php(399): CodeIgniter\CodeIgniter->runController(Object(App\Controllers\MewarnaiHewan))
#7 D:\Web_Development\Thesis_project-kewan\main_project\appstarter\vendor\codeigniter4\framework\system\CodeIgniter.php(317): CodeIgniter\CodeIgniter->handleRequest(NULL, Object(Config\Cache), false)
#8 D:\Web_Development\Thesis_project-kewan\main_project\appstarter\public\index.php(37): CodeIgniter\CodeIgniter->run()
#9 D:\Web_Development\Thesis_project-kewan\main_project\appstarter\vendor\codeigniter4\framework\system\Commands\Server\rewrite.php(43): require_once('D:\\Web_Developm...')
#10 {main}
CRITICAL - 2021-11-07 00:42:16 --> Undefined variable: data_id
#0 D:\Web_Development\Thesis_project-kewan\main_project\appstarter\app\Views\mewarnai-hewan-list-svg.php(26): CodeIgniter\Debug\Exceptions->errorHandler(8, 'Undefined varia...', 'D:\\Web_Developm...', 26, Array)
#1 D:\Web_Development\Thesis_project-kewan\main_project\appstarter\vendor\codeigniter4\framework\system\View\View.php(214): include('D:\\Web_Developm...')
#2 D:\Web_Development\Thesis_project-kewan\main_project\appstarter\vendor\codeigniter4\framework\system\View\View.php(217): CodeIgniter\View\View->CodeIgniter\View\{closure}()
#3 D:\Web_Development\Thesis_project-kewan\main_project\appstarter\vendor\codeigniter4\framework\system\Common.php(1092): CodeIgniter\View\View->render('mewarnai-hewan-...', Array, true)
#4 D:\Web_Development\Thesis_project-kewan\main_project\appstarter\app\Controllers\MewarnaiHewan.php(45): view('mewarnai-hewan-...', Array)
#5 D:\Web_Development\Thesis_project-kewan\main_project\appstarter\vendor\codeigniter4\framework\system\CodeIgniter.php(802): App\Controllers\MewarnaiHewan->mewarnaiHewanListBinatang('1')
#6 D:\Web_Development\Thesis_project-kewan\main_project\appstarter\vendor\codeigniter4\framework\system\CodeIgniter.php(399): CodeIgniter\CodeIgniter->runController(Object(App\Controllers\MewarnaiHewan))
#7 D:\Web_Development\Thesis_project-kewan\main_project\appstarter\vendor\codeigniter4\framework\system\CodeIgniter.php(317): CodeIgniter\CodeIgniter->handleRequest(NULL, Object(Config\Cache), false)
#8 D:\Web_Development\Thesis_project-kewan\main_project\appstarter\public\index.php(37): CodeIgniter\CodeIgniter->run()
#9 D:\Web_Development\Thesis_project-kewan\main_project\appstarter\vendor\codeigniter4\framework\system\Commands\Server\rewrite.php(43): require_once('D:\\Web_Developm...')
#10 {main}
CRITICAL - 2021-11-07 00:42:59 --> Undefined variable: data_id
#0 D:\Web_Development\Thesis_project-kewan\main_project\appstarter\app\Views\mewarnai-hewan-list-svg.php(26): CodeIgniter\Debug\Exceptions->errorHandler(8, 'Undefined varia...', 'D:\\Web_Developm...', 26, Array)
#1 D:\Web_Development\Thesis_project-kewan\main_project\appstarter\vendor\codeigniter4\framework\system\View\View.php(214): include('D:\\Web_Developm...')
#2 D:\Web_Development\Thesis_project-kewan\main_project\appstarter\vendor\codeigniter4\framework\system\View\View.php(217): CodeIgniter\View\View->CodeIgniter\View\{closure}()
#3 D:\Web_Development\Thesis_project-kewan\main_project\appstarter\vendor\codeigniter4\framework\system\Common.php(1092): CodeIgniter\View\View->render('mewarnai-hewan-...', Array, true)
#4 D:\Web_Development\Thesis_project-kewan\main_project\appstarter\app\Controllers\MewarnaiHewan.php(45): view('mewarnai-hewan-...', Array)
#5 D:\Web_Development\Thesis_project-kewan\main_project\appstarter\vendor\codeigniter4\framework\system\CodeIgniter.php(802): App\Controllers\MewarnaiHewan->mewarnaiHewanListBinatang('1')
#6 D:\Web_Development\Thesis_project-kewan\main_project\appstarter\vendor\codeigniter4\framework\system\CodeIgniter.php(399): CodeIgniter\CodeIgniter->runController(Object(App\Controllers\MewarnaiHewan))
#7 D:\Web_Development\Thesis_project-kewan\main_project\appstarter\vendor\codeigniter4\framework\system\CodeIgniter.php(317): CodeIgniter\CodeIgniter->handleRequest(NULL, Object(Config\Cache), false)
#8 D:\Web_Development\Thesis_project-kewan\main_project\appstarter\public\index.php(37): CodeIgniter\CodeIgniter->run()
#9 D:\Web_Development\Thesis_project-kewan\main_project\appstarter\vendor\codeigniter4\framework\system\Commands\Server\rewrite.php(43): require_once('D:\\Web_Developm...')
#10 {main}
CRITICAL - 2021-11-07 00:44:38 --> Undefined variable: data
#0 D:\Web_Development\Thesis_project-kewan\main_project\appstarter\app\Views\mewarnai-hewan-list-svg.php(26): CodeIgniter\Debug\Exceptions->errorHandler(8, 'Undefined varia...', 'D:\\Web_Developm...', 26, Array)
#1 D:\Web_Development\Thesis_project-kewan\main_project\appstarter\vendor\codeigniter4\framework\system\View\View.php(214): include('D:\\Web_Developm...')
#2 D:\Web_Development\Thesis_project-kewan\main_project\appstarter\vendor\codeigniter4\framework\system\View\View.php(217): CodeIgniter\View\View->CodeIgniter\View\{closure}()
#3 D:\Web_Development\Thesis_project-kewan\main_project\appstarter\vendor\codeigniter4\framework\system\Common.php(1092): CodeIgniter\View\View->render('mewarnai-hewan-...', Array, true)
#4 D:\Web_Development\Thesis_project-kewan\main_project\appstarter\app\Controllers\MewarnaiHewan.php(45): view('mewarnai-hewan-...', Array)
#5 D:\Web_Development\Thesis_project-kewan\main_project\appstarter\vendor\codeigniter4\framework\system\CodeIgniter.php(802): App\Controllers\MewarnaiHewan->mewarnaiHewanListBinatang('1')
#6 D:\Web_Development\Thesis_project-kewan\main_project\appstarter\vendor\codeigniter4\framework\system\CodeIgniter.php(399): CodeIgniter\CodeIgniter->runController(Object(App\Controllers\MewarnaiHewan))
#7 D:\Web_Development\Thesis_project-kewan\main_project\appstarter\vendor\codeigniter4\framework\system\CodeIgniter.php(317): CodeIgniter\CodeIgniter->handleRequest(NULL, Object(Config\Cache), false)
#8 D:\Web_Development\Thesis_project-kewan\main_project\appstarter\public\index.php(37): CodeIgniter\CodeIgniter->run()
#9 D:\Web_Development\Thesis_project-kewan\main_project\appstarter\vendor\codeigniter4\framework\system\Commands\Server\rewrite.php(43): require_once('D:\\Web_Developm...')
#10 {main}
CRITICAL - 2021-11-07 00:45:31 --> Undefined variable: data_id
#0 D:\Web_Development\Thesis_project-kewan\main_project\appstarter\app\Views\mewarnai-hewan-list-svg.php(28): CodeIgniter\Debug\Exceptions->errorHandler(8, 'Undefined varia...', 'D:\\Web_Developm...', 28, Array)
#1 D:\Web_Development\Thesis_project-kewan\main_project\appstarter\vendor\codeigniter4\framework\system\View\View.php(214): include('D:\\Web_Developm...')
#2 D:\Web_Development\Thesis_project-kewan\main_project\appstarter\vendor\codeigniter4\framework\system\View\View.php(217): CodeIgniter\View\View->CodeIgniter\View\{closure}()
#3 D:\Web_Development\Thesis_project-kewan\main_project\appstarter\vendor\codeigniter4\framework\system\Common.php(1092): CodeIgniter\View\View->render('mewarnai-hewan-...', Array, true)
#4 D:\Web_Development\Thesis_project-kewan\main_project\appstarter\app\Controllers\MewarnaiHewan.php(47): view('mewarnai-hewan-...', Array)
#5 D:\Web_Development\Thesis_project-kewan\main_project\appstarter\vendor\codeigniter4\framework\system\CodeIgniter.php(802): App\Controllers\MewarnaiHewan->mewarnaiHewanListBinatang('1')
#6 D:\Web_Development\Thesis_project-kewan\main_project\appstarter\vendor\codeigniter4\framework\system\CodeIgniter.php(399): CodeIgniter\CodeIgniter->runController(Object(App\Controllers\MewarnaiHewan))
#7 D:\Web_Development\Thesis_project-kewan\main_project\appstarter\vendor\codeigniter4\framework\system\CodeIgniter.php(317): CodeIgniter\CodeIgniter->handleRequest(NULL, Object(Config\Cache), false)
#8 D:\Web_Development\Thesis_project-kewan\main_project\appstarter\public\index.php(37): CodeIgniter\CodeIgniter->run()
#9 D:\Web_Development\Thesis_project-kewan\main_project\appstarter\vendor\codeigniter4\framework\system\Commands\Server\rewrite.php(43): require_once('D:\\Web_Developm...')
#10 {main}
CRITICAL - 2021-11-07 07:36:02 --> Allowed memory size of 536870912 bytes exhausted (tried to allocate 96649656 bytes)
#0 [internal function]: CodeIgniter\Debug\Exceptions->shutdownHandler()
#1 {main}
CRITICAL - 2021-11-07 07:36:27 --> Allowed memory size of 536870912 bytes exhausted (tried to allocate 96649656 bytes)
#0 [internal function]: CodeIgniter\Debug\Exceptions->shutdownHandler()
#1 {main}
CRITICAL - 2021-11-07 07:36:39 --> Allowed memory size of 536870912 bytes exhausted (tried to allocate 96649656 bytes)
#0 [internal function]: CodeIgniter\Debug\Exceptions->shutdownHandler()
#1 {main}
CRITICAL - 2021-11-07 07:37:34 --> syntax error, unexpected '}', expecting ';' or ','
#0 D:\Web_Development\Thesis_project-kewan\main_project\appstarter\vendor\codeigniter4\framework\system\Autoloader\Autoloader.php(241): CodeIgniter\Autoloader\Autoloader->includeFile('D:\\Web_Developm...')
#1 D:\Web_Development\Thesis_project-kewan\main_project\appstarter\vendor\codeigniter4\framework\system\Autoloader\Autoloader.php(219): CodeIgniter\Autoloader\Autoloader->loadInNamespace('App\\Controllers...')
#2 [internal function]: CodeIgniter\Autoloader\Autoloader->loadClass('App\\Controllers...')
#3 [internal function]: spl_autoload_call('App\\Controllers...')
#4 D:\Web_Development\Thesis_project-kewan\main_project\appstarter\vendor\codeigniter4\framework\system\CodeIgniter.php(767): class_exists('\\App\\Controller...', true)
#5 D:\Web_Development\Thesis_project-kewan\main_project\appstarter\vendor\codeigniter4\framework\system\CodeIgniter.php(386): CodeIgniter\CodeIgniter->startController()
#6 D:\Web_Development\Thesis_project-kewan\main_project\appstarter\vendor\codeigniter4\framework\system\CodeIgniter.php(317): CodeIgniter\CodeIgniter->handleRequest(NULL, Object(Config\Cache), false)
#7 D:\Web_Development\Thesis_project-kewan\main_project\appstarter\public\index.php(37): CodeIgniter\CodeIgniter->run()
#8 D:\Web_Development\Thesis_project-kewan\main_project\appstarter\vendor\codeigniter4\framework\system\Commands\Server\rewrite.php(43): require_once('D:\\Web_Developm...')
#9 {main}
CRITICAL - 2021-11-07 09:27:51 --> Undefined variable: svg_hewan
#0 D:\Web_Development\Thesis_project-kewan\main_project\appstarter\app\Views\mewarnai-hewan-detail.php(23): CodeIgniter\Debug\Exceptions->errorHandler(8, 'Undefined varia...', 'D:\\Web_Developm...', 23, Array)
#1 D:\Web_Development\Thesis_project-kewan\main_project\appstarter\vendor\codeigniter4\framework\system\View\View.php(214): include('D:\\Web_Developm...')
#2 D:\Web_Development\Thesis_project-kewan\main_project\appstarter\vendor\codeigniter4\framework\system\View\View.php(217): CodeIgniter\View\View->CodeIgniter\View\{closure}()
#3 D:\Web_Development\Thesis_project-kewan\main_project\appstarter\vendor\codeigniter4\framework\system\Common.php(1092): CodeIgniter\View\View->render('mewarnai-hewan-...', Array, true)
#4 D:\Web_Development\Thesis_project-kewan\main_project\appstarter\app\Controllers\MewarnaiHewan.php(84): view('mewarnai-hewan-...', Array)
#5 D:\Web_Development\Thesis_project-kewan\main_project\appstarter\vendor\codeigniter4\framework\system\CodeIgniter.php(802): App\Controllers\MewarnaiHewan->mewarnaiHewanDetail('1')
#6 D:\Web_Development\Thesis_project-kewan\main_project\appstarter\vendor\codeigniter4\framework\system\CodeIgniter.php(399): CodeIgniter\CodeIgniter->runController(Object(App\Controllers\MewarnaiHewan))
#7 D:\Web_Development\Thesis_project-kewan\main_project\appstarter\vendor\codeigniter4\framework\system\CodeIgniter.php(317): CodeIgniter\CodeIgniter->handleRequest(NULL, Object(Config\Cache), false)
#8 D:\Web_Development\Thesis_project-kewan\main_project\appstarter\public\index.php(37): CodeIgniter\CodeIgniter->run()
#9 D:\Web_Development\Thesis_project-kewan\main_project\appstarter\vendor\codeigniter4\framework\system\Commands\Server\rewrite.php(43): require_once('D:\\Web_Developm...')
#10 {main}
CRITICAL - 2021-11-07 09:30:20 --> Undefined variable: svg_hewan
#0 D:\Web_Development\Thesis_project-kewan\main_project\appstarter\app\Views\mewarnai-hewan-detail.php(23): CodeIgniter\Debug\Exceptions->errorHandler(8, 'Undefined varia...', 'D:\\Web_Developm...', 23, Array)
#1 D:\Web_Development\Thesis_project-kewan\main_project\appstarter\vendor\codeigniter4\framework\system\View\View.php(214): include('D:\\Web_Developm...')
#2 D:\Web_Development\Thesis_project-kewan\main_project\appstarter\vendor\codeigniter4\framework\system\View\View.php(217): CodeIgniter\View\View->CodeIgniter\View\{closure}()
#3 D:\Web_Development\Thesis_project-kewan\main_project\appstarter\vendor\codeigniter4\framework\system\Common.php(1092): CodeIgniter\View\View->render('mewarnai-hewan-...', Array, true)
#4 D:\Web_Development\Thesis_project-kewan\main_project\appstarter\app\Controllers\MewarnaiHewan.php(84): view('mewarnai-hewan-...', Array)
#5 D:\Web_Development\Thesis_project-kewan\main_project\appstarter\vendor\codeigniter4\framework\system\CodeIgniter.php(802): App\Controllers\MewarnaiHewan->mewarnaiHewanDetail('1')
#6 D:\Web_Development\Thesis_project-kewan\main_project\appstarter\vendor\codeigniter4\framework\system\CodeIgniter.php(399): CodeIgniter\CodeIgniter->runController(Object(App\Controllers\MewarnaiHewan))
#7 D:\Web_Development\Thesis_project-kewan\main_project\appstarter\vendor\codeigniter4\framework\system\CodeIgniter.php(317): CodeIgniter\CodeIgniter->handleRequest(NULL, Object(Config\Cache), false)
#8 D:\Web_Development\Thesis_project-kewan\main_project\appstarter\public\index.php(37): CodeIgniter\CodeIgniter->run()
#9 D:\Web_Development\Thesis_project-kewan\main_project\appstarter\vendor\codeigniter4\framework\system\Commands\Server\rewrite.php(43): require_once('D:\\Web_Developm...')
#10 {main}
CRITICAL - 2021-11-07 09:30:36 --> Undefined variable: svg_hewan
#0 D:\Web_Development\Thesis_project-kewan\main_project\appstarter\app\Views\mewarnai-hewan-detail.php(23): CodeIgniter\Debug\Exceptions->errorHandler(8, 'Undefined varia...', 'D:\\Web_Developm...', 23, Array)
#1 D:\Web_Development\Thesis_project-kewan\main_project\appstarter\vendor\codeigniter4\framework\system\View\View.php(214): include('D:\\Web_Developm...')
#2 D:\Web_Development\Thesis_project-kewan\main_project\appstarter\vendor\codeigniter4\framework\system\View\View.php(217): CodeIgniter\View\View->CodeIgniter\View\{closure}()
#3 D:\Web_Development\Thesis_project-kewan\main_project\appstarter\vendor\codeigniter4\framework\system\Common.php(1092): CodeIgniter\View\View->render('mewarnai-hewan-...', Array, true)
#4 D:\Web_Development\Thesis_project-kewan\main_project\appstarter\app\Controllers\MewarnaiHewan.php(84): view('mewarnai-hewan-...', Array)
#5 D:\Web_Development\Thesis_project-kewan\main_project\appstarter\vendor\codeigniter4\framework\system\CodeIgniter.php(802): App\Controllers\MewarnaiHewan->mewarnaiHewanDetail('1')
#6 D:\Web_Development\Thesis_project-kewan\main_project\appstarter\vendor\codeigniter4\framework\system\CodeIgniter.php(399): CodeIgniter\CodeIgniter->runController(Object(App\Controllers\MewarnaiHewan))
#7 D:\Web_Development\Thesis_project-kewan\main_project\appstarter\vendor\codeigniter4\framework\system\CodeIgniter.php(317): CodeIgniter\CodeIgniter->handleRequest(NULL, Object(Config\Cache), false)
#8 D:\Web_Development\Thesis_project-kewan\main_project\appstarter\public\index.php(37): CodeIgniter\CodeIgniter->run()
#9 D:\Web_Development\Thesis_project-kewan\main_project\appstarter\vendor\codeigniter4\framework\system\Commands\Server\rewrite.php(43): require_once('D:\\Web_Developm...')
#10 {main}
CRITICAL - 2021-11-07 09:30:45 --> Undefined variable: svg_hewan
#0 D:\Web_Development\Thesis_project-kewan\main_project\appstarter\app\Views\mewarnai-hewan-detail.php(23): CodeIgniter\Debug\Exceptions->errorHandler(8, 'Undefined varia...', 'D:\\Web_Developm...', 23, Array)
#1 D:\Web_Development\Thesis_project-kewan\main_project\appstarter\vendor\codeigniter4\framework\system\View\View.php(214): include('D:\\Web_Developm...')
#2 D:\Web_Development\Thesis_project-kewan\main_project\appstarter\vendor\codeigniter4\framework\system\View\View.php(217): CodeIgniter\View\View->CodeIgniter\View\{closure}()
#3 D:\Web_Development\Thesis_project-kewan\main_project\appstarter\vendor\codeigniter4\framework\system\Common.php(1092): CodeIgniter\View\View->render('mewarnai-hewan-...', Array, true)
#4 D:\Web_Development\Thesis_project-kewan\main_project\appstarter\app\Controllers\MewarnaiHewan.php(84): view('mewarnai-hewan-...', Array)
#5 D:\Web_Development\Thesis_project-kewan\main_project\appstarter\vendor\codeigniter4\framework\system\CodeIgniter.php(802): App\Controllers\MewarnaiHewan->mewarnaiHewanDetail('1')
#6 D:\Web_Development\Thesis_project-kewan\main_project\appstarter\vendor\codeigniter4\framework\system\CodeIgniter.php(399): CodeIgniter\CodeIgniter->runController(Object(App\Controllers\MewarnaiHewan))
#7 D:\Web_Development\Thesis_project-kewan\main_project\appstarter\vendor\codeigniter4\framework\system\CodeIgniter.php(317): CodeIgniter\CodeIgniter->handleRequest(NULL, Object(Config\Cache), false)
#8 D:\Web_Development\Thesis_project-kewan\main_project\appstarter\public\index.php(37): CodeIgniter\CodeIgniter->run()
#9 D:\Web_Development\Thesis_project-kewan\main_project\appstarter\vendor\codeigniter4\framework\system\Commands\Server\rewrite.php(43): require_once('D:\\Web_Developm...')
#10 {main}
CRITICAL - 2021-11-07 09:31:01 --> Undefined variable: svg_hewan
#0 D:\Web_Development\Thesis_project-kewan\main_project\appstarter\app\Views\mewarnai-hewan-detail.php(26): CodeIgniter\Debug\Exceptions->errorHandler(8, 'Undefined varia...', 'D:\\Web_Developm...', 26, Array)
#1 D:\Web_Development\Thesis_project-kewan\main_project\appstarter\vendor\codeigniter4\framework\system\View\View.php(214): include('D:\\Web_Developm...')
#2 D:\Web_Development\Thesis_project-kewan\main_project\appstarter\vendor\codeigniter4\framework\system\View\View.php(217): CodeIgniter\View\View->CodeIgniter\View\{closure}()
#3 D:\Web_Development\Thesis_project-kewan\main_project\appstarter\vendor\codeigniter4\framework\system\Common.php(1092): CodeIgniter\View\View->render('mewarnai-hewan-...', Array, true)
#4 D:\Web_Development\Thesis_project-kewan\main_project\appstarter\app\Controllers\MewarnaiHewan.php(84): view('mewarnai-hewan-...', Array)
#5 D:\Web_Development\Thesis_project-kewan\main_project\appstarter\vendor\codeigniter4\framework\system\CodeIgniter.php(802): App\Controllers\MewarnaiHewan->mewarnaiHewanDetail('1')
#6 D:\Web_Development\Thesis_project-kewan\main_project\appstarter\vendor\codeigniter4\framework\system\CodeIgniter.php(399): CodeIgniter\CodeIgniter->runController(Object(App\Controllers\MewarnaiHewan))
#7 D:\Web_Development\Thesis_project-kewan\main_project\appstarter\vendor\codeigniter4\framework\system\CodeIgniter.php(317): CodeIgniter\CodeIgniter->handleRequest(NULL, Object(Config\Cache), false)
#8 D:\Web_Development\Thesis_project-kewan\main_project\appstarter\public\index.php(37): CodeIgniter\CodeIgniter->run()
#9 D:\Web_Development\Thesis_project-kewan\main_project\appstarter\vendor\codeigniter4\framework\system\Commands\Server\rewrite.php(43): require_once('D:\\Web_Developm...')
#10 {main}
CRITICAL - 2021-11-07 09:31:17 --> Undefined variable: binatang_id
#0 D:\Web_Development\Thesis_project-kewan\main_project\appstarter\app\Views\mewarnai-hewan-detail.php(69): CodeIgniter\Debug\Exceptions->errorHandler(8, 'Undefined varia...', 'D:\\Web_Developm...', 69, Array)
#1 D:\Web_Development\Thesis_project-kewan\main_project\appstarter\vendor\codeigniter4\framework\system\View\View.php(214): include('D:\\Web_Developm...')
#2 D:\Web_Development\Thesis_project-kewan\main_project\appstarter\vendor\codeigniter4\framework\system\View\View.php(217): CodeIgniter\View\View->CodeIgniter\View\{closure}()
#3 D:\Web_Development\Thesis_project-kewan\main_project\appstarter\vendor\codeigniter4\framework\system\Common.php(1092): CodeIgniter\View\View->render('mewarnai-hewan-...', Array, true)
#4 D:\Web_Development\Thesis_project-kewan\main_project\appstarter\app\Controllers\MewarnaiHewan.php(84): view('mewarnai-hewan-...', Array)
#5 D:\Web_Development\Thesis_project-kewan\main_project\appstarter\vendor\codeigniter4\framework\system\CodeIgniter.php(802): App\Controllers\MewarnaiHewan->mewarnaiHewanDetail('1')
#6 D:\Web_Development\Thesis_project-kewan\main_project\appstarter\vendor\codeigniter4\framework\system\CodeIgniter.php(399): CodeIgniter\CodeIgniter->runController(Object(App\Controllers\MewarnaiHewan))
#7 D:\Web_Development\Thesis_project-kewan\main_project\appstarter\vendor\codeigniter4\framework\system\CodeIgniter.php(317): CodeIgniter\CodeIgniter->handleRequest(NULL, Object(Config\Cache), false)
#8 D:\Web_Development\Thesis_project-kewan\main_project\appstarter\public\index.php(37): CodeIgniter\CodeIgniter->run()
#9 D:\Web_Development\Thesis_project-kewan\main_project\appstarter\vendor\codeigniter4\framework\system\Commands\Server\rewrite.php(43): require_once('D:\\Web_Developm...')
#10 {main}
CRITICAL - 2021-11-07 09:31:42 --> Undefined variable: warna
#0 D:\Web_Development\Thesis_project-kewan\main_project\appstarter\app\Views\mewarnai-hewan-detail.php(72): CodeIgniter\Debug\Exceptions->errorHandler(8, 'Undefined varia...', 'D:\\Web_Developm...', 72, Array)
#1 D:\Web_Development\Thesis_project-kewan\main_project\appstarter\vendor\codeigniter4\framework\system\View\View.php(214): include('D:\\Web_Developm...')
#2 D:\Web_Development\Thesis_project-kewan\main_project\appstarter\vendor\codeigniter4\framework\system\View\View.php(217): CodeIgniter\View\View->CodeIgniter\View\{closure}()
#3 D:\Web_Development\Thesis_project-kewan\main_project\appstarter\vendor\codeigniter4\framework\system\Common.php(1092): CodeIgniter\View\View->render('mewarnai-hewan-...', Array, true)
#4 D:\Web_Development\Thesis_project-kewan\main_project\appstarter\app\Controllers\MewarnaiHewan.php(84): view('mewarnai-hewan-...', Array)
#5 D:\Web_Development\Thesis_project-kewan\main_project\appstarter\vendor\codeigniter4\framework\system\CodeIgniter.php(802): App\Controllers\MewarnaiHewan->mewarnaiHewanDetail('1')
#6 D:\Web_Development\Thesis_project-kewan\main_project\appstarter\vendor\codeigniter4\framework\system\CodeIgniter.php(399): CodeIgniter\CodeIgniter->runController(Object(App\Controllers\MewarnaiHewan))
#7 D:\Web_Development\Thesis_project-kewan\main_project\appstarter\vendor\codeigniter4\framework\system\CodeIgniter.php(317): CodeIgniter\CodeIgniter->handleRequest(NULL, Object(Config\Cache), false)
#8 D:\Web_Development\Thesis_project-kewan\main_project\appstarter\public\index.php(37): CodeIgniter\CodeIgniter->run()
#9 D:\Web_Development\Thesis_project-kewan\main_project\appstarter\vendor\codeigniter4\framework\system\Commands\Server\rewrite.php(43): require_once('D:\\Web_Developm...')
#10 {main}
CRITICAL - 2021-11-07 09:33:05 --> Undefined index: warna_id
#0 D:\Web_Development\Thesis_project-kewan\main_project\appstarter\app\Views\mewarnai-hewan-detail.php(72): CodeIgniter\Debug\Exceptions->errorHandler(8, 'Undefined index...', 'D:\\Web_Developm...', 72, Array)
#1 D:\Web_Development\Thesis_project-kewan\main_project\appstarter\vendor\codeigniter4\framework\system\View\View.php(214): include('D:\\Web_Developm...')
#2 D:\Web_Development\Thesis_project-kewan\main_project\appstarter\vendor\codeigniter4\framework\system\View\View.php(217): CodeIgniter\View\View->CodeIgniter\View\{closure}()
#3 D:\Web_Development\Thesis_project-kewan\main_project\appstarter\vendor\codeigniter4\framework\system\Common.php(1092): CodeIgniter\View\View->render('mewarnai-hewan-...', Array, true)
#4 D:\Web_Development\Thesis_project-kewan\main_project\appstarter\app\Controllers\MewarnaiHewan.php(84): view('mewarnai-hewan-...', Array)
#5 D:\Web_Development\Thesis_project-kewan\main_project\appstarter\vendor\codeigniter4\framework\system\CodeIgniter.php(802): App\Controllers\MewarnaiHewan->mewarnaiHewanDetail('1')
#6 D:\Web_Development\Thesis_project-kewan\main_project\appstarter\vendor\codeigniter4\framework\system\CodeIgniter.php(399): CodeIgniter\CodeIgniter->runController(Object(App\Controllers\MewarnaiHewan))
#7 D:\Web_Development\Thesis_project-kewan\main_project\appstarter\vendor\codeigniter4\framework\system\CodeIgniter.php(317): CodeIgniter\CodeIgniter->handleRequest(NULL, Object(Config\Cache), false)
#8 D:\Web_Development\Thesis_project-kewan\main_project\appstarter\public\index.php(37): CodeIgniter\CodeIgniter->run()
#9 D:\Web_Development\Thesis_project-kewan\main_project\appstarter\vendor\codeigniter4\framework\system\Commands\Server\rewrite.php(43): require_once('D:\\Web_Developm...')
#10 {main}
CRITICAL - 2021-11-07 09:33:22 --> Undefined index: warna
#0 D:\Web_Development\Thesis_project-kewan\main_project\appstarter\app\Views\mewarnai-hewan-detail.php(73): CodeIgniter\Debug\Exceptions->errorHandler(8, 'Undefined index...', 'D:\\Web_Developm...', 73, Array)
#1 D:\Web_Development\Thesis_project-kewan\main_project\appstarter\vendor\codeigniter4\framework\system\View\View.php(214): include('D:\\Web_Developm...')
#2 D:\Web_Development\Thesis_project-kewan\main_project\appstarter\vendor\codeigniter4\framework\system\View\View.php(217): CodeIgniter\View\View->CodeIgniter\View\{closure}()
#3 D:\Web_Development\Thesis_project-kewan\main_project\appstarter\vendor\codeigniter4\framework\system\Common.php(1092): CodeIgniter\View\View->render('mewarnai-hewan-...', Array, true)
#4 D:\Web_Development\Thesis_project-kewan\main_project\appstarter\app\Controllers\MewarnaiHewan.php(84): view('mewarnai-hewan-...', Array)
#5 D:\Web_Development\Thesis_project-kewan\main_project\appstarter\vendor\codeigniter4\framework\system\CodeIgniter.php(802): App\Controllers\MewarnaiHewan->mewarnaiHewanDetail('1')
#6 D:\Web_Development\Thesis_project-kewan\main_project\appstarter\vendor\codeigniter4\framework\system\CodeIgniter.php(399): CodeIgniter\CodeIgniter->runController(Object(App\Controllers\MewarnaiHewan))
#7 D:\Web_Development\Thesis_project-kewan\main_project\appstarter\vendor\codeigniter4\framework\system\CodeIgniter.php(317): CodeIgniter\CodeIgniter->handleRequest(NULL, Object(Config\Cache), false)
#8 D:\Web_Development\Thesis_project-kewan\main_project\appstarter\public\index.php(37): CodeIgniter\CodeIgniter->run()
#9 D:\Web_Development\Thesis_project-kewan\main_project\appstarter\vendor\codeigniter4\framework\system\Commands\Server\rewrite.php(43): require_once('D:\\Web_Developm...')
#10 {main}
CRITICAL - 2021-11-07 09:33:44 --> Undefined variable: svg_hewan
#0 D:\Web_Development\Thesis_project-kewan\main_project\appstarter\app\Views\mewarnai-hewan-detail.php(116): CodeIgniter\Debug\Exceptions->errorHandler(8, 'Undefined varia...', 'D:\\Web_Developm...', 116, Array)
#1 D:\Web_Development\Thesis_project-kewan\main_project\appstarter\vendor\codeigniter4\framework\system\View\View.php(214): include('D:\\Web_Developm...')
#2 D:\Web_Development\Thesis_project-kewan\main_project\appstarter\vendor\codeigniter4\framework\system\View\View.php(217): CodeIgniter\View\View->CodeIgniter\View\{closure}()
#3 D:\Web_Development\Thesis_project-kewan\main_project\appstarter\vendor\codeigniter4\framework\system\Common.php(1092): CodeIgniter\View\View->render('mewarnai-hewan-...', Array, true)
#4 D:\Web_Development\Thesis_project-kewan\main_project\appstarter\app\Controllers\MewarnaiHewan.php(84): view('mewarnai-hewan-...', Array)
#5 D:\Web_Development\Thesis_project-kewan\main_project\appstarter\vendor\codeigniter4\framework\system\CodeIgniter.php(802): App\Controllers\MewarnaiHewan->mewarnaiHewanDetail('1')
#6 D:\Web_Development\Thesis_project-kewan\main_project\appstarter\vendor\codeigniter4\framework\system\CodeIgniter.php(399): CodeIgniter\CodeIgniter->runController(Object(App\Controllers\MewarnaiHewan))
#7 D:\Web_Development\Thesis_project-kewan\main_project\appstarter\vendor\codeigniter4\framework\system\CodeIgniter.php(317): CodeIgniter\CodeIgniter->handleRequest(NULL, Object(Config\Cache), false)
#8 D:\Web_Development\Thesis_project-kewan\main_project\appstarter\public\index.php(37): CodeIgniter\CodeIgniter->run()
#9 D:\Web_Development\Thesis_project-kewan\main_project\appstarter\vendor\codeigniter4\framework\system\Commands\Server\rewrite.php(43): require_once('D:\\Web_Developm...')
#10 {main}
