ERROR - 2021-11-08 03:47:51 --> Error connecting to the database: No connection could be made because the target machine actively refused it.

CRITICAL - 2021-11-08 03:47:51 --> Unable to connect to the database.
Main connection [MySQLi]: No connection could be made because the target machine actively refused it.

#0 D:\Web_Development\Thesis_project-kewan\main_project\appstarter\vendor\codeigniter4\framework\system\Database\BaseConnection.php(570): CodeIgniter\Database\BaseConnection->initialize()
#1 D:\Web_Development\Thesis_project-kewan\main_project\appstarter\vendor\codeigniter4\framework\system\Database\BaseBuilder.php(1428): CodeIgniter\Database\BaseConnection->query('SELECT `lb`.`li...', Array, false)
#2 D:\Web_Development\Thesis_project-kewan\main_project\appstarter\app\Controllers\MewarnaiHewan.php(25): CodeIgniter\Database\BaseBuilder->get()
#3 D:\Web_Development\Thesis_project-kewan\main_project\appstarter\vendor\codeigniter4\framework\system\CodeIgniter.php(802): App\Controllers\MewarnaiHewan->mewarnaiHewanGetData()
#4 D:\Web_Development\Thesis_project-kewan\main_project\appstarter\vendor\codeigniter4\framework\system\CodeIgniter.php(399): CodeIgniter\CodeIgniter->runController(Object(App\Controllers\MewarnaiHewan))
#5 D:\Web_Development\Thesis_project-kewan\main_project\appstarter\vendor\codeigniter4\framework\system\CodeIgniter.php(317): CodeIgniter\CodeIgniter->handleRequest(NULL, Object(Config\Cache), false)
#6 D:\Web_Development\Thesis_project-kewan\main_project\appstarter\public\index.php(37): CodeIgniter\CodeIgniter->run()
#7 D:\Web_Development\Thesis_project-kewan\main_project\appstarter\vendor\codeigniter4\framework\system\Commands\Server\rewrite.php(43): require_once('D:\\Web_Developm...')
#8 {main}
ERROR - 2021-11-08 03:48:09 --> Error connecting to the database: No connection could be made because the target machine actively refused it.

CRITICAL - 2021-11-08 03:48:09 --> Unable to connect to the database.
Main connection [MySQLi]: No connection could be made because the target machine actively refused it.

#0 D:\Web_Development\Thesis_project-kewan\main_project\appstarter\vendor\codeigniter4\framework\system\Database\BaseConnection.php(570): CodeIgniter\Database\BaseConnection->initialize()
#1 D:\Web_Development\Thesis_project-kewan\main_project\appstarter\vendor\codeigniter4\framework\system\Database\BaseBuilder.php(1428): CodeIgniter\Database\BaseConnection->query('SELECT `lb`.`li...', Array, false)
#2 D:\Web_Development\Thesis_project-kewan\main_project\appstarter\app\Controllers\MewarnaiHewan.php(25): CodeIgniter\Database\BaseBuilder->get()
#3 D:\Web_Development\Thesis_project-kewan\main_project\appstarter\vendor\codeigniter4\framework\system\CodeIgniter.php(802): App\Controllers\MewarnaiHewan->mewarnaiHewanGetData()
#4 D:\Web_Development\Thesis_project-kewan\main_project\appstarter\vendor\codeigniter4\framework\system\CodeIgniter.php(399): CodeIgniter\CodeIgniter->runController(Object(App\Controllers\MewarnaiHewan))
#5 D:\Web_Development\Thesis_project-kewan\main_project\appstarter\vendor\codeigniter4\framework\system\CodeIgniter.php(317): CodeIgniter\CodeIgniter->handleRequest(NULL, Object(Config\Cache), false)
#6 D:\Web_Development\Thesis_project-kewan\main_project\appstarter\public\index.php(37): CodeIgniter\CodeIgniter->run()
#7 D:\Web_Development\Thesis_project-kewan\main_project\appstarter\vendor\codeigniter4\framework\system\Commands\Server\rewrite.php(43): require_once('D:\\Web_Developm...')
#8 {main}
ERROR - 2021-11-08 03:48:25 --> Error connecting to the database: No connection could be made because the target machine actively refused it.

CRITICAL - 2021-11-08 03:48:25 --> Unable to connect to the database.
Main connection [MySQLi]: No connection could be made because the target machine actively refused it.

#0 D:\Web_Development\Thesis_project-kewan\main_project\appstarter\vendor\codeigniter4\framework\system\Database\BaseConnection.php(570): CodeIgniter\Database\BaseConnection->initialize()
#1 D:\Web_Development\Thesis_project-kewan\main_project\appstarter\vendor\codeigniter4\framework\system\Database\BaseBuilder.php(1428): CodeIgniter\Database\BaseConnection->query('SELECT `lb`.`li...', Array, false)
#2 D:\Web_Development\Thesis_project-kewan\main_project\appstarter\app\Controllers\MewarnaiHewan.php(25): CodeIgniter\Database\BaseBuilder->get()
#3 D:\Web_Development\Thesis_project-kewan\main_project\appstarter\vendor\codeigniter4\framework\system\CodeIgniter.php(802): App\Controllers\MewarnaiHewan->mewarnaiHewanGetData()
#4 D:\Web_Development\Thesis_project-kewan\main_project\appstarter\vendor\codeigniter4\framework\system\CodeIgniter.php(399): CodeIgniter\CodeIgniter->runController(Object(App\Controllers\MewarnaiHewan))
#5 D:\Web_Development\Thesis_project-kewan\main_project\appstarter\vendor\codeigniter4\framework\system\CodeIgniter.php(317): CodeIgniter\CodeIgniter->handleRequest(NULL, Object(Config\Cache), false)
#6 D:\Web_Development\Thesis_project-kewan\main_project\appstarter\public\index.php(37): CodeIgniter\CodeIgniter->run()
#7 D:\Web_Development\Thesis_project-kewan\main_project\appstarter\vendor\codeigniter4\framework\system\Commands\Server\rewrite.php(43): require_once('D:\\Web_Developm...')
#8 {main}
CRITICAL - 2021-11-08 05:14:32 --> Undefined variable: name_area
#0 D:\Web_Development\Thesis_project-kewan\main_project\appstarter\app\Views\mewarnai-hewan-detail.php(60): CodeIgniter\Debug\Exceptions->errorHandler(8, 'Undefined varia...', 'D:\\Web_Developm...', 60, Array)
#1 D:\Web_Development\Thesis_project-kewan\main_project\appstarter\vendor\codeigniter4\framework\system\View\View.php(214): include('D:\\Web_Developm...')
#2 D:\Web_Development\Thesis_project-kewan\main_project\appstarter\vendor\codeigniter4\framework\system\View\View.php(217): CodeIgniter\View\View->CodeIgniter\View\{closure}()
#3 D:\Web_Development\Thesis_project-kewan\main_project\appstarter\vendor\codeigniter4\framework\system\Common.php(1092): CodeIgniter\View\View->render('mewarnai-hewan-...', Array, true)
#4 D:\Web_Development\Thesis_project-kewan\main_project\appstarter\app\Controllers\MewarnaiHewan.php(84): view('mewarnai-hewan-...', Array)
#5 D:\Web_Development\Thesis_project-kewan\main_project\appstarter\vendor\codeigniter4\framework\system\CodeIgniter.php(802): App\Controllers\MewarnaiHewan->mewarnaiHewanDetail('1')
#6 D:\Web_Development\Thesis_project-kewan\main_project\appstarter\vendor\codeigniter4\framework\system\CodeIgniter.php(399): CodeIgniter\CodeIgniter->runController(Object(App\Controllers\MewarnaiHewan))
#7 D:\Web_Development\Thesis_project-kewan\main_project\appstarter\vendor\codeigniter4\framework\system\CodeIgniter.php(317): CodeIgniter\CodeIgniter->handleRequest(NULL, Object(Config\Cache), false)
#8 D:\Web_Development\Thesis_project-kewan\main_project\appstarter\public\index.php(37): CodeIgniter\CodeIgniter->run()
#9 D:\Web_Development\Thesis_project-kewan\main_project\appstarter\vendor\codeigniter4\framework\system\Commands\Server\rewrite.php(43): require_once('D:\\Web_Developm...')
#10 {main}
CRITICAL - 2021-11-08 05:14:54 --> Undefined variable: name_area
#0 D:\Web_Development\Thesis_project-kewan\main_project\appstarter\app\Views\mewarnai-hewan-detail.php(60): CodeIgniter\Debug\Exceptions->errorHandler(8, 'Undefined varia...', 'D:\\Web_Developm...', 60, Array)
#1 D:\Web_Development\Thesis_project-kewan\main_project\appstarter\vendor\codeigniter4\framework\system\View\View.php(214): include('D:\\Web_Developm...')
#2 D:\Web_Development\Thesis_project-kewan\main_project\appstarter\vendor\codeigniter4\framework\system\View\View.php(217): CodeIgniter\View\View->CodeIgniter\View\{closure}()
#3 D:\Web_Development\Thesis_project-kewan\main_project\appstarter\vendor\codeigniter4\framework\system\Common.php(1092): CodeIgniter\View\View->render('mewarnai-hewan-...', Array, true)
#4 D:\Web_Development\Thesis_project-kewan\main_project\appstarter\app\Controllers\MewarnaiHewan.php(84): view('mewarnai-hewan-...', Array)
#5 D:\Web_Development\Thesis_project-kewan\main_project\appstarter\vendor\codeigniter4\framework\system\CodeIgniter.php(802): App\Controllers\MewarnaiHewan->mewarnaiHewanDetail('1')
#6 D:\Web_Development\Thesis_project-kewan\main_project\appstarter\vendor\codeigniter4\framework\system\CodeIgniter.php(399): CodeIgniter\CodeIgniter->runController(Object(App\Controllers\MewarnaiHewan))
#7 D:\Web_Development\Thesis_project-kewan\main_project\appstarter\vendor\codeigniter4\framework\system\CodeIgniter.php(317): CodeIgniter\CodeIgniter->handleRequest(NULL, Object(Config\Cache), false)
#8 D:\Web_Development\Thesis_project-kewan\main_project\appstarter\public\index.php(37): CodeIgniter\CodeIgniter->run()
#9 D:\Web_Development\Thesis_project-kewan\main_project\appstarter\vendor\codeigniter4\framework\system\Commands\Server\rewrite.php(43): require_once('D:\\Web_Developm...')
#10 {main}
CRITICAL - 2021-11-08 05:15:03 --> Array to string conversion
#0 D:\Web_Development\Thesis_project-kewan\main_project\appstarter\app\Views\mewarnai-hewan-detail.php(60): CodeIgniter\Debug\Exceptions->errorHandler(8, 'Array to string...', 'D:\\Web_Developm...', 60, Array)
#1 D:\Web_Development\Thesis_project-kewan\main_project\appstarter\vendor\codeigniter4\framework\system\View\View.php(214): include('D:\\Web_Developm...')
#2 D:\Web_Development\Thesis_project-kewan\main_project\appstarter\vendor\codeigniter4\framework\system\View\View.php(217): CodeIgniter\View\View->CodeIgniter\View\{closure}()
#3 D:\Web_Development\Thesis_project-kewan\main_project\appstarter\vendor\codeigniter4\framework\system\Common.php(1092): CodeIgniter\View\View->render('mewarnai-hewan-...', Array, true)
#4 D:\Web_Development\Thesis_project-kewan\main_project\appstarter\app\Controllers\MewarnaiHewan.php(84): view('mewarnai-hewan-...', Array)
#5 D:\Web_Development\Thesis_project-kewan\main_project\appstarter\vendor\codeigniter4\framework\system\CodeIgniter.php(802): App\Controllers\MewarnaiHewan->mewarnaiHewanDetail('1')
#6 D:\Web_Development\Thesis_project-kewan\main_project\appstarter\vendor\codeigniter4\framework\system\CodeIgniter.php(399): CodeIgniter\CodeIgniter->runController(Object(App\Controllers\MewarnaiHewan))
#7 D:\Web_Development\Thesis_project-kewan\main_project\appstarter\vendor\codeigniter4\framework\system\CodeIgniter.php(317): CodeIgniter\CodeIgniter->handleRequest(NULL, Object(Config\Cache), false)
#8 D:\Web_Development\Thesis_project-kewan\main_project\appstarter\public\index.php(37): CodeIgniter\CodeIgniter->run()
#9 D:\Web_Development\Thesis_project-kewan\main_project\appstarter\vendor\codeigniter4\framework\system\Commands\Server\rewrite.php(43): require_once('D:\\Web_Developm...')
#10 {main}
CRITICAL - 2021-11-08 05:18:19 --> Allowed memory size of 536870912 bytes exhausted (tried to allocate 266346496 bytes)
#0 [internal function]: CodeIgniter\Debug\Exceptions->shutdownHandler()
#1 {main}
